<?xml version="1.0" encoding="UTF-8"?>
<testng-results ignored="0" total="1" passed="1" failed="0" skipped="0">
  <reporter-output>
  </reporter-output>
  <suite started-at="2023-04-05T17:39:33Z" name="Default suite" finished-at="2023-04-05T17:39:34Z" duration-ms="313">
    <groups>
    </groups>
    <test started-at="2023-04-05T17:39:33Z" name="Default test" finished-at="2023-04-05T17:39:34Z" duration-ms="313">
      <class name="PostApiUsingPojo">
        <test-method signature="serializePojo()[pri:0, instance:PostApiUsingPojo@50dfbc58]" started-at="2023-04-05T17:39:33Z" name="serializePojo" finished-at="2023-04-05T17:39:34Z" duration-ms="289" status="PASS">
          <reporter-output>
          </reporter-output>
        </test-method> <!-- serializePojo -->
      </class> <!-- PostApiUsingPojo -->
    </test> <!-- Default test -->
  </suite> <!-- Default suite -->
</testng-results>
